<?xml version="1.0" encoding="UTF-8"?>
<!-- Generated by org.testng.reporters.JUnitReportReporter -->
<testsuite hostname="DESKTOP-38VAAMB" failures="0" tests="1" name="jenkins.JenkinsDemo2Test" time="0.021" errors="0" timestamp="2024-01-29T16:45:49 IST" skipped="0">
  <testcase classname="jenkins.JenkinsDemo2Test" name="jenkinsDemo2Test" time="0.021"/>
  <system-out/>
</testsuite> <!-- jenkins.JenkinsDemo2Test -->
