<?xml version="1.0" encoding="UTF-8"?>
<!-- Generated by org.testng.reporters.JUnitReportReporter -->
<testsuite hostname="DESKTOP-38VAAMB" failures="0" tests="1" name="jenkins.JenkinsDemoTest" time="0.003" errors="0" timestamp="2024-01-29T16:45:49 IST" skipped="0">
  <testcase classname="jenkins.JenkinsDemoTest" name="jenkinsDemoTest" time="0.003"/>
  <system-out/>
</testsuite> <!-- jenkins.JenkinsDemoTest -->
