<?xml version="1.0" encoding="UTF-8"?>
<!-- Generated by org.testng.reporters.JUnitReportReporter -->
<testsuite hostname="DESKTOP-38VAAMB" failures="0" tests="2" name="jenkins.JenkinsDemo3Test" time="0.031" errors="0" timestamp="2024-01-29T16:46:22 IST" skipped="0">
  <testcase classname="jenkins.JenkinsDemo3Test" name="jenkinsDemo3Test" time="0.025"/>
  <system-out/>
  <testcase classname="jenkins.JenkinsDemo3Test" name="jenkinsDemo4Test" time="0.006"/>
  <system-out/>
</testsuite> <!-- jenkins.JenkinsDemo3Test -->
